[
[Error  :Il2CppInterop] During invoking native->managed trampoline
Exception: System.NullReferenceException: Object reference not set to an instance of an object.
   at TownOfHostY.RpcSendChatPatch.Prefix(PlayerControl __instance, String chatText, Boolean& __result)
   at DMD<PlayerControl::RpcSendChat>(PlayerControl this, String chatText)
   at (il2cpp -> managed) RpcSendChat(IntPtr , IntPtr , Il2CppMethodInfo* )
[Info   :     TOH_Y] [20:37:44][Debug]StartRpcImmediatelyPatch Prefix called
[Info   :     TOH_Y] [20:37:44][Debug]StartRpcImmediatelyPatch Prefix called
[Info   :     TOH_Y] [20:37:44][KeyCommand]CountDownTimer set to 0
[Info   :     TOH_Y] [20:37:45][ChangeRoleSettings]CoStartGame invoked: starting game initialization
[Info   :     TOH_Y] [20:37:45][ChangeRoleSettings]GameOptions 初期化確認: OK
[Info   :     TOH_Y] [20:37:45][ChangeRoleSettings]NormalOptions: True
[Info   :     TOH_Y] [20:37:45][ChangeRoleSettings]RealOptionsData 初期化: OK
[Info   :     TOH_Y] [20:37:45][ChangeRoleSettings]RealOptionsData.NumLongTasks: 0
[Info   :     TOH_Y] [20:37:45][ChangeRoleSettings]RealOptionsData.NumShortTasks: 1
[Info   :     TOH_Y] [20:37:45][AntiBlackout]==Reset==
[Info   :     TOH_Y] [20:37:45][MeetingTimeManager.Init]DefaultDiscussionTime:0, DefaultVotingTime210
[Info   :     TOH_Y] [20:37:45][Debug]StartRpcImmediatelyPatch Prefix called
[Info   :     TOH_Y] [20:37:45][ChangeRoleSettings]ChangeRoleSettings 完了
[Info   :     TOH_Y] [20:37:45][CountAliveImpostors]生存しているインポスター:0人
[Message:     TOH_Y] [20:37:47][Method]"StartPatch.Postfix" Called in "ShipStatusPatch.cs(103)"
[Info   :     TOH_Y] [20:37:47][Phase]-----------ゲーム開始-----------
[Info   :     TOH_Y] [20:37:47][CountAlivePlayers]OutOfGame:4/4, All:0/0
[Info   :     TOH_Y] [20:37:49][AssignCount][Impostor, 1], [Madmate, 0], [Crewmate, 1], [Neutral, 2]
[Info   :     TOH_Y] [20:37:49][AssignRoleList]EvilGuesser, NiceGuesser, God, ChainShifter
[Info   :     TOH_Y] [20:37:49][AssignRoles]NomalAssign list: 4, impostor: 1(desync: 0)
[Info   :     TOH_Y] [20:37:49][AssignRolesForTeam]NomalAssign team: Impostor, role: Shapeshifter, count: 0
[Info   :     TOH_Y] [20:37:49][AssignRolesForTeam]NomalAssign team: Impostor, role: Phantom, count: 0
[Info   :     TOH_Y] [20:37:49][AssignRolesForTeam]DefaultAssign team: Impostor, role: Impostor, count: 1
[Info   :     TOH_Y] [20:37:49][AssignRolesForTeam]NomalAssign team: Crewmate, role: Scientist, count: 0
[Info   :     TOH_Y] [20:37:49][AssignRolesForTeam]NomalAssign team: Crewmate, role: Engineer, count: 0
[Info   :     TOH_Y] [20:37:49][AssignRolesForTeam]NomalAssign team: Crewmate, role: Noisemaker, count: 0
[Info   :     TOH_Y] [20:37:49][AssignRolesForTeam]NomalAssign team: Crewmate, role: Tracker, count: 0
[Info   :     TOH_Y] [20:37:49][AssignRolesForTeam]DefaultAssign team: Crewmate, role: Crewmate, count: 3
[Info   :     TOH_Y] [20:37:49][RpcSetRole]ReleaseNormalSetRole toClientId:12936 player:シェマ ー(Impostor)
[Info   :     TOH_Y] [20:37:49][SetHudActive]SetHudActive: isActive=True, LocalPlayer.CanMove=False, moveable=False, inputHandler.enabled=True
[Info   :     TOH_Y] [20:37:49][SetHudActive]Player 0:たばすこ IsAlive=True CanMove=False moveable=False
[Info   :     TOH_Y] [20:37:49][SetHudActive]Player 1:シェマ ー IsAlive=True CanMove=True moveable=True
[Info   :     TOH_Y] [20:37:49][SetHudActive]Player 2:シェマー IsAlive=True CanMove=True moveable=True
[Info   :     TOH_Y] [20:37:49][SetHudActive]Player 3:シェマー 1 IsAlive=True CanMove=True moveable=True
[Info   :     TOH_Y] [20:37:49][RpcSetRole]ReleaseNormalSetRole toClientId:12936 player:たばすこ(Crewmate)
[Info   :     TOH_Y] [20:37:49][RpcSetRole]ReleaseNormalSetRole toClientId:12936 player:シェマー 1(Crewmate)
[Info   :     TOH_Y] [20:37:49][RpcSetRole]ReleaseNormalSetRole toClientId:12936 player:シェマー(Crewmate)
[Info   :     TOH_Y] [20:37:49][RpcSetRole]ReleaseNormalSetRole toClientId:12989 player:たばすこ(Crewmate)
[Info   :     TOH_Y] [20:37:49][RpcSetRole]ReleaseNormalSetRole toClientId:12989 player:シェマー 1(Crewmate)
[Info   :     TOH_Y] [20:37:49][RpcSetRole]ReleaseNormalSetRole toClientId:12989 player:シェマー(Crewmate)
[Info   :     TOH_Y] [20:37:49][RpcSetRole]ReleaseNormalSetRole toClientId:12996 player:シェマ ー(Impostor)
[Info   :     TOH_Y] [20:37:49][RpcSetRole]ReleaseNormalSetRole toClientId:12996 player:たばすこ(Crewmate)
[Info   :     TOH_Y] [20:37:49][RpcSetRole]ReleaseNormalSetRole toClientId:12996 player:シェマー 1(Crewmate)
[Info   :     TOH_Y] [20:37:49][RpcSetRole]ReleaseNormalSetRole toClientId:13001 player:シェマ ー(Impostor)
[Info   :     TOH_Y] [20:37:49][RpcSetRole]ReleaseNormalSetRole toClientId:13001 player:たばすこ(Crewmate)
[Info   :     TOH_Y] [20:37:49][RpcSetRole]ReleaseNormalSetRole toClientId:13001 player:シェマー(Crewmate)
[Info   :     TOH_Y] [20:37:49][DummySetRole]sent シェマ ー Impostor
[Info   :     TOH_Y] [20:37:49][★RpcSetRole]DummySetRole to:シェマ ー(12989) player:シェマ ー(Impostor)
[Info   :     TOH_Y] [20:37:49][DummySetRole]sent シェマー Crewmate
[Info   :     TOH_Y] [20:37:49][★RpcSetRole]DummySetRole to:シェマー(12996) player:シェマー(Crewmate)
[Info   :     TOH_Y] [20:37:49][DummySetRole]sent シェマー 1 Crewmate
[Info   :     TOH_Y] [20:37:49][★RpcSetRole]DummySetRole to:シェマー 1(13001) player:シェマー 1(Crewmate)
[Info   :     TOH_Y] [20:37:49][AssignRoles]役職設定:シェマ ー = EvilGuesser
[Info   :     TOH_Y] [20:37:49][AssignRoles]役職設定:シェマー 1 = NiceGuesser
[Info   :     TOH_Y] [20:37:49][AssignRoles]役職設定:シェマー = God
[Info   :     TOH_Y] [20:37:49][AssignRoles]役職設定:たばすこ = ChainShifter
[Info   :     TOH_Y] [20:37:49][Debug]StartRpcImmediatelyPatch Prefix called
[Info   :     TOH_Y] [20:37:49][Debug]StartRpcImmediatelyPatch Prefix called
[Info   :     TOH_Y] [20:37:49][Debug]StartRpcImmediatelyPatch Prefix called
[Info   :     TOH_Y] [20:37:49][Debug]StartRpcImmediatelyPatch Prefix called
[Info   :     TOH_Y] [20:37:49][ChainShifter.Add]Add playerId: 0
[Info   :     TOH_Y] [20:37:49][ChainShifter.Add]Add playerId: 0
[Info   :     TOH_Y] [20:37:49][Debug]StartRpcImmediatelyPatch Prefix called
[Info   :     TOH_Y] [20:37:49][Debug]StartRpcImmediatelyPatch Prefix called
[Info   :     TOH_Y] [20:37:49][Debug]StartRpcImmediatelyPatch Prefix called
[Info   :     TOH_Y] [20:37:49][Debug]StartRpcImmediatelyPatch Prefix called
[Info   :     TOH_Y] [20:37:49][SetHudActive]SetHudActive: isActive=True, LocalPlayer.CanMove=False, moveable=False, inputHandler.enabled=True
[Info   :     TOH_Y] [20:37:49][SetHudActive]Player 0:たばすこ IsAlive=True CanMove=False moveable=False
[Info   :     TOH_Y] [20:37:49][SetHudActive]Player 1:シェマ ー IsAlive=True CanMove=False moveable=True
[Info   :     TOH_Y] [20:37:49][SetHudActive]Player 2:シェマー IsAlive=True CanMove=False moveable=True
[Info   :     TOH_Y] [20:37:49][SetHudActive]Player 3:シェマー 1 IsAlive=True CanMove=False moveable=True
[Info   :     TOH_Y] [20:37:49][SetHudActive]SetHudActive: isActive=True, LocalPlayer.CanMove=False, moveable=False, inputHandler.enabled=True
[Info   :     TOH_Y] [20:37:49][SetHudActive]Player 0:たばすこ IsAlive=True CanMove=False moveable=False
[Info   :     TOH_Y] [20:37:49][SetHudActive]Player 1:シェマ ー IsAlive=True CanMove=False moveable=True
[Info   :     TOH_Y] [20:37:49][SetHudActive]Player 2:シェマー IsAlive=True CanMove=False moveable=True
[Info   :     TOH_Y] [20:37:49][SetHudActive]Player 3:シェマー 1 IsAlive=True CanMove=False moveable=True
[Info   :     TOH_Y] [20:37:49][SetHudActive]SetHudActive: isActive=True, LocalPlayer.CanMove=False, moveable=False, inputHandler.enabled=True
[Info   :     TOH_Y] [20:37:49][SetHudActive]Player 0:たばすこ IsAlive=True CanMove=False moveable=False
[Info   :     TOH_Y] [20:37:49][SetHudActive]Player 1:シェマ ー IsAlive=True CanMove=False moveable=True
[Info   :     TOH_Y] [20:37:49][SetHudActive]Player 2:シェマー IsAlive=True CanMove=False moveable=True
[Info   :     TOH_Y] [20:37:49][SetHudActive]Player 3:シェマー 1 IsAlive=True CanMove=False moveable=True
[Info   :     TOH_Y] [20:37:49][SetHudActive]SetHudActive: isActive=True, LocalPlayer.CanMove=False, moveable=False, inputHandler.enabled=True
[Info   :     TOH_Y] [20:37:49][SetHudActive]Player 0:たばすこ IsAlive=True CanMove=False moveable=False
[Info   :     TOH_Y] [20:37:49][SetHudActive]Player 1:シェマ ー IsAlive=True CanMove=False moveable=True
[Info   :     TOH_Y] [20:37:49][SetHudActive]Player 2:シェマー IsAlive=True CanMove=False moveable=True
[Info   :     TOH_Y] [20:37:49][SetHudActive]Player 3:シェマー 1 IsAlive=True CanMove=False moveable=True
[Info   :     TOH_Y] [20:37:49][CountAliveImpostors]生存しているインポスター:1人
[Info   :     TOH_Y] [20:37:49][CountAlivePlayers]Crew:3/3, Impostor:1/1, All:4/4
[Error  :     TOH_Y] [20:37:49][GameOptionsSender]オプションのキャストに失敗しました (unknown concrete type)
[Error  :     TOH_Y] [20:37:49][GameOptionsSender]オプションのキャストに失敗しました (unknown concrete type)
[Error  :     TOH_Y] [20:37:49][GameOptionsSender]オプションのキャストに失敗しました (unknown concrete type)
[Info   :     TOH_Y] [20:37:49][RpcSetTasksPatch]RpcSetTasks called for player たばすこ (id=0) incoming taskTypeIds.Count=1
[Info   :     TOH_Y] [20:37:49][RpcSetTasksPatch]Initial TasksList count=1 hasCommonTasks=True
[Info   :     TOH_Y] [20:37:49][RpcSetTasksPatch]After trimming common tasks TasksList count=0
[Info   :     TOH_Y] [20:37:49][RpcSetTasksPatch]LongTasks=8, ShortTasks=20
[Info   :     TOH_Y] [20:37:49][RpcSetTasksPatch]Repopulated TasksList from available tasks count=17
[Info   :     TOH_Y] [20:37:49][RpcSetTasksPatch]Performed AddTasksFromList for たばすこ
[Info   :     TOH_Y] [20:37:49][RpcSetTasksPatch]たばすこ にタスク 18 個を割り当てました (長: 0, 短: 1)
[Info   :     TOH_Y] [20:37:49][RpcSetTasksPatch]RpcSetTasks called for player シェマ ー (id=1) incoming taskTypeIds.Count=1
[Info   :     TOH_Y] [20:37:49][RpcSetTasksPatch]Initial TasksList count=1 hasCommonTasks=True
[Info   :     TOH_Y] [20:37:49][RpcSetTasksPatch]After trimming common tasks TasksList count=0
[Info   :     TOH_Y] [20:37:49][RpcSetTasksPatch]LongTasks=8, ShortTasks=20
[Info   :     TOH_Y] [20:37:49][RpcSetTasksPatch]Repopulated TasksList from available tasks count=17
[Info   :     TOH_Y] [20:37:49][RpcSetTasksPatch]Performed AddTasksFromList for シェマ ー
[Info   :     TOH_Y] [20:37:49][RpcSetTasksPatch]シェマ ー にタスク 18 個を割り当てました (長: 0, 短: 1)
[Info   :     TOH_Y] [20:37:49][RpcSetTasksPatch]RpcSetTasks called for player シェマー (id=2) incoming taskTypeIds.Count=1
[Info   :     TOH_Y] [20:37:49][RpcSetTasksPatch]Initial TasksList count=1 hasCommonTasks=True
[Info   :     TOH_Y] [20:37:49][RpcSetTasksPatch]After trimming common tasks TasksList count=0
[Info   :     TOH_Y] [20:37:49][RpcSetTasksPatch]LongTasks=8, ShortTasks=20
[Info   :     TOH_Y] [20:37:49][RpcSetTasksPatch]Repopulated TasksList from available tasks count=17
[Info   :     TOH_Y] [20:37:49][RpcSetTasksPatch]Performed AddTasksFromList for シェマー
[Info   :     TOH_Y] [20:37:49][RpcSetTasksPatch]シェマー にタスク 18 個を割り当てました (長: 0, 短: 1)
[Info   :     TOH_Y] [20:37:49][RpcSetTasksPatch]RpcSetTasks called for player シェマー 1 (id=3) incoming taskTypeIds.Count=1
[Info   :     TOH_Y] [20:37:49][RpcSetTasksPatch]Initial TasksList count=1 hasCommonTasks=True
[Info   :     TOH_Y] [20:37:49][RpcSetTasksPatch]After trimming common tasks TasksList count=0
[Info   :     TOH_Y] [20:37:49][RpcSetTasksPatch]LongTasks=8, ShortTasks=20
[Info   :     TOH_Y] [20:37:49][RpcSetTasksPatch]Repopulated TasksList from available tasks count=17
[Info   :     TOH_Y] [20:37:49][RpcSetTasksPatch]Performed AddTasksFromList for シェマー 1
[Info   :     TOH_Y] [20:37:49][RpcSetTasksPatch]シェマー 1 にタスク 18 個を割り当てました (長: 0, 短: 1)
[Message:     TOH_Y] [20:37:49][Method]"BeginPatch.Postfix" Called in "ShipStatusPatch.cs(123)"
[Info   :     TOH_Y] [20:37:49][Debug]StartRpcImmediatelyPatch Prefix called
[Info   :     TOH_Y] [20:37:49][SetRole]役職:シェマ ー => Impostor
[Info   :     TOH_Y] [20:37:49][SetRole]役職:たばすこ => Crewmate
[Info   :     TOH_Y] [20:37:49][SetRole]役職:シェマー 1 => Crewmate
[Info   :     TOH_Y] [20:37:49][SetRole]役職:シェマー => Crewmate
[Info   :     TOH_Y] [20:37:50][Info]------------名前表示------------
[Info   :     TOH_Y] [20:37:50][Info][*]0 :たばすこ            :たばすこ(Orange)
[Info   :     TOH_Y] [20:37:50][Info]   1 :シェマ ー           :シェマ ー(Lime)
[Info   :     TOH_Y] [20:37:50][Info]   2 :シェマー            :シェマー(Maroon)
[Info   :     TOH_Y] [20:37:50][Info]   3 :シェマー 1          :シェマー 1(Rose)
[Info   :     TOH_Y] [20:37:50][Info]----------役職割り当て----------
[Info   :     TOH_Y] [20:37:50][Info][*]0 :たばすこ            :チェインシフター
[Info   :     TOH_Y] [20:37:50][Info]   1 :シェマ ー           :イビルゲッサー
[Info   :     TOH_Y] [20:37:50][Info]   2 :シェマー            :神
[Info   :     TOH_Y] [20:37:50][Info]   3 :シェマー 1          :ナイスゲッサー
[Info   :     TOH_Y] [20:37:50][Info]--------------環境--------------
[Info   :     TOH_Y] [20:37:50][Info][*]0 :たばすこ            :SteamPC    :Mod(TOH_Y byTabasco/1.0.1:e31dcf30(main))
[Info   :     TOH_Y] [20:37:50][Info]   1 :シェマ ー           :IPhone     :Vanilla
[Info   :     TOH_Y] [20:37:50][Info]   2 :シェマー            :SteamPC    :Vanilla
[Info   :     TOH_Y] [20:37:50][Info]   3 :シェマー 1          :IPhone     :Vanilla
[Info   :     TOH_Y] [20:37:50][Info]------------基本設定------------
[Info   :     TOH_Y] [20:37:50][Info]マップ: The Skeld
[Info   :     TOH_Y] [20:37:50][Info]インポスター数: 1
[Info   :     TOH_Y] [20:37:50][Info]追放数を確認: オフ
[Info   :     TOH_Y] [20:37:50][Info]# 緊急会議: 1
[Info   :     TOH_Y] [20:37:50][Info]匿名投票: オン
[Info   :     TOH_Y] [20:37:50][Info]緊急ボタンクールダウン: 0秒
[Info   :     TOH_Y] [20:37:50][Info]議論タイム: 0秒
[Info   :     TOH_Y] [20:37:50][Info]投票時間: 210秒
[Info   :     TOH_Y] [20:37:50][Info]プレイヤー速度: 1.25x
[Info   :     TOH_Y] [20:37:50][Info]タスクバーアップデート: 行わない
[Info   :     TOH_Y] [20:37:50][Info]視認タスク: オフ
[Info   :     TOH_Y] [20:37:50][Info]クルービジョン: 0.5x
[Info   :     TOH_Y] [20:37:50][Info]インポスタービジョン: 2x
[Info   :     TOH_Y] [20:37:50][Info]キルのクールダウン時間: 30秒
[Info   :     TOH_Y] [20:37:50][Info]キル可能距離: ショート
[Info   :     TOH_Y] [20:37:50][Info]# 通常タスク: 0
[Info   :     TOH_Y] [20:37:50][Info]# ロングタスク: 0
[Info   :     TOH_Y] [20:37:50][Info]# ショートタスク: 1
[Info   :     TOH_Y] [20:37:50][Info]科学者: 0%の確率で0を割り当て
[Info   :     TOH_Y] [20:37:50][Info]守護天使: 0%の確率で0を割り当て
[Info   :     TOH_Y] [20:37:50][Info]エンジニア: 0%の確率で0を割り当て
[Info   :     TOH_Y] [20:37:50][Info]シェイプシフター: 0%の確率で0を割り当て
[Info   :     TOH_Y] [20:37:50][Info]ノイズメーカー: 0%の確率で0を割り当て
[Info   :     TOH_Y] [20:37:50][Info]ファントム: 0%の確率で0を割り当て
[Info   :     TOH_Y] [20:37:50][Info]トラッカー: 0%の確率で0を割り当て
[Info   :     TOH_Y] [20:37:50][Info]バイパー: 0%の確率で0を割り当て
[Info   :     TOH_Y] [20:37:50][Info]探偵: 0%の確率で0を割り当て
[Info   :     TOH_Y] [20:37:50][Info]
[Info   :     TOH_Y] [20:37:50][Info]------------詳細設定------------
[Info   :     TOH_Y] [20:37:50][Info]FixSpawnPacketSize                      :-
[Info   :     TOH_Y] [20:37:50][Info]Preset                                  :プリセット1
[Info   :     TOH_Y] [20:37:50][Info]GameMode                                :スタンダード
[Info   :     TOH_Y] [20:37:50][Info]HideGameSettings                        :-
[Info   :     TOH_Y] [20:37:50][Info]EnableGM                                :-
[Info   :     TOH_Y] [20:37:50][Info]EvilGuesser                             :100%
[Info   :     TOH_Y] [20:37:50][Info]┗ Maximum                               :3人
[Info   :     TOH_Y] [20:37:50][Info]┗ GuesserNumOfGuess                     :15回
[Info   :     TOH_Y] [20:37:50][Info]┗ GuesserMultipleInMeeting              :オン
[Info   :     TOH_Y] [20:37:50][Info]┗ GuesserHideMisfire                    :オフ
[Info   :     TOH_Y] [20:37:50][Info]┗ GuesserGuessAfterVote                 :オン
[Info   :     TOH_Y] [20:37:50][Info]NiceGuesser                             :100%
[Info   :     TOH_Y] [20:37:50][Info]┗ Maximum                               :1人
[Info   :     TOH_Y] [20:37:50][Info]┗ GuesserNumOfGuess                     :3回
[Info   :     TOH_Y] [20:37:50][Info]┗ GuesserMultipleInMeeting              :オン
[Info   :     TOH_Y] [20:37:50][Info]┗ GuesserHideMisfire                    :オフ
[Info   :     TOH_Y] [20:37:50][Info]┗ GuesserGuessAfterVote                 :オン
[Info   :     TOH_Y] [20:37:50][Info]Jackal                                  :100%
[Info   :     TOH_Y] [20:37:50][Info]┗ Maximum                               :1人
[Info   :     TOH_Y] [20:37:50][Info]┗ KillCooldown                          :30秒
[Info   :     TOH_Y] [20:37:50][Info]┗ CanVent                               :オン
[Info   :     TOH_Y] [20:37:50][Info]┗ CanUseSabotage                        :オフ
[Info   :     TOH_Y] [20:37:50][Info]┗ ImpostorVision                        :オン
[Info   :     TOH_Y] [20:37:50][Info]┗ JackalCanSeeNameMushroomMixup         :オン
[Info   :     TOH_Y] [20:37:50][Info]┗ JackalCanCreateSidekick               :オン
[Info   :     TOH_Y] [20:37:50][Info]┗ AddOnBuffAssign                       :ON
[Info   :     TOH_Y] [20:37:50][Info]┗ AddWatch                              :-
[Info   :     TOH_Y] [20:37:50][Info]┗ AddLight                              :ON
[Info   :     TOH_Y] [20:37:50][Info]┗ AddSeer                               :-
[Info   :     TOH_Y] [20:37:50][Info]┗ Autopsy                               :-
[Info   :     TOH_Y] [20:37:50][Info]┗ VIP                                   :ON
[Info   :     TOH_Y] [20:37:50][Info]┗ Revenger                              :-
[Info   :     TOH_Y] [20:37:50][Info]┗ Management                            :-
[Info   :     TOH_Y] [20:37:50][Info]┗ Sending                               :-
[Info   :     TOH_Y] [20:37:50][Info]┗ TieBreaker                            :-
[Info   :     TOH_Y] [20:37:50][Info]┗ PlusVote                              :-
[Info   :     TOH_Y] [20:37:50][Info]┗ Guarding                              :-
[Info   :     TOH_Y] [20:37:50][Info]┗ AddBait                               :-
[Info   :     TOH_Y] [20:37:50][Info]┗ Refusing                              :-
[Info   :     TOH_Y] [20:37:50][Info]┗ Revealer                              :-
[Info   :     TOH_Y] [20:37:50][Info]┗ AddOnDebuffAssign                     :-
[Info   :     TOH_Y] [20:37:50][Info]Jester                                  :100%
[Info   :     TOH_Y] [20:37:50][Info]┗ Maximum                               :1人
[Info   :     TOH_Y] [20:37:50][Info]God                                     :100%
[Info   :     TOH_Y] [20:37:50][Info]┗ Maximum                               :1人
[Info   :     TOH_Y] [20:37:50][Info]┗ GodTaskCompleteToWin                  :オフ
[Info   :     TOH_Y] [20:37:50][Info]┗ GodViewVoteFor                        :オフ
[Info   :     TOH_Y] [20:37:50][Info]┗ doOverride                            :-
[Info   :     TOH_Y] [20:37:50][Info]ChainShifter                            :100%
[Info   :     TOH_Y] [20:37:50][Info]┗ Maximum                               :1人
[Info   :     TOH_Y] [20:37:50][Info]┗ ChainShifterShiftTime                 :5秒
[Info   :     TOH_Y] [20:37:50][Info]┗ ChainShifterShiftDistance             :1.5x
[Info   :     TOH_Y] [20:37:50][Info]┗ ChainShifterShiftInactiveTime         :10秒
[Info   :     TOH_Y] [20:37:50][Info]┗ ChainShifterShiftedRole               :オポチュニスト
[Info   :     TOH_Y] [20:37:50][Info]┗ ChainShifterShiftWhenKilled           :オン
[Info   :     TOH_Y] [20:37:50][Info]Head.CommonImpostor                     :インポスター共通設定
[Info   :     TOH_Y] [20:37:50][Info]DefaultShapeshiftCooldown               :15秒
[Info   :     TOH_Y] [20:37:50][Info]ImpostorOperateVisibility               :-
[Info   :     TOH_Y] [20:37:50][Info]CanMakeMadmateCount                     :0人
[Info   :     TOH_Y] [20:37:50][Info]Head.CommonMadmate                      :マッドメイト共通設定
[Info   :     TOH_Y] [20:37:50][Info]MadmateVentCooldown                     :0秒
[Info   :     TOH_Y] [20:37:50][Info]MadmateVentMaxTime                      :0秒
[Info   :     TOH_Y] [20:37:50][Info]Head.ImpostorAddOn                      :インポスター属性
[Info   :     TOH_Y] [20:37:50][Info]Head.CrewmateAddOn                      :クルー属性
[Info   :     TOH_Y] [20:37:50][Info]Head.NeutralAddOn                       :ニュートラル属性
[Info   :     TOH_Y] [20:37:50][Info]Head.BuffAddOn                          :バフ属性
[Info   :     TOH_Y] [20:37:50][Info]AddLightAddCrewmateVision               :0.3x
[Info   :     TOH_Y] [20:37:50][Info]AddLightAddImpostorVision               :0.5x
[Info   :     TOH_Y] [20:37:50][Info]AddLighterDisableLightOut               :オン
[Info   :     TOH_Y] [20:37:50][Info]ManagementSeeNowtask                    :オン
[Info   :     TOH_Y] [20:37:50][Info]Head.DebuffAddOn                        :デバフ属性
[Info   :     TOH_Y] [20:37:50][Info]SunglassesSubCrewmateVision             :0.2x
[Info   :     TOH_Y] [20:37:50][Info]SunglassesSubImpostorVision             :0.5x
[Info   :     TOH_Y] [20:37:50][Info]Head.RoleAssign                         :役職割り当て設定
[Info   :     TOH_Y] [20:37:50][Info]RoleAssigningAlgorithm                  :デフォルト
[Info   :     TOH_Y] [20:37:50][Info]AssignMode                              :ランダム
[Info   :     TOH_Y] [20:37:50][Info]┗ RoleTypeMin                           :1人
[Info   :     TOH_Y] [20:37:50][Info]┗ RoleTypeMax                           :1人
[Info   :     TOH_Y] [20:37:50][Info]┗ RoleTypeMin                           :0人
[Info   :     TOH_Y] [20:37:50][Info]┗ RoleTypeMax                           :0人
[Info   :     TOH_Y] [20:37:50][Info]┗ RoleTypeMin                           :1人
[Info   :     TOH_Y] [20:37:50][Info]┗ RoleTypeMax                           :1人
[Info   :     TOH_Y] [20:37:50][Info]┗ RoleTypeMin                           :2人
[Info   :     TOH_Y] [20:37:50][Info]┗ RoleTypeMax                           :2人
[Info   :     TOH_Y] [20:37:50][Info]Head.Map                                :マップ設定
[Info   :     TOH_Y] [20:37:50][Info]MapOption_Skeld                         :-
[Info   :     TOH_Y] [20:37:50][Info]MapOption_MiraHQ                        :-
[Info   :     TOH_Y] [20:37:50][Info]MapOption_Polus                         :-
[Info   :     TOH_Y] [20:37:50][Info]MapOption_Airship                       :ON
[Info   :     TOH_Y] [20:37:50][Info]┗ RandomSpawn                           :-
[Info   :     TOH_Y] [20:37:50][Info]┗ DisableDevices                        :ON
[Info   :     TOH_Y] [20:37:50][Info]┗ DisableAirshipCockpitAdmin            :-
[Info   :     TOH_Y] [20:37:50][Info]┗ DisableAirshipRecordsAdmin            :ON
[Info   :     TOH_Y] [20:37:50][Info]┗ DisableCamera                         :-
[Info   :     TOH_Y] [20:37:50][Info]┗ DisableVital                          :-
[Info   :     TOH_Y] [20:37:50][Info]┗ ResetDoorsEveryTurns                  :-
[Info   :     TOH_Y] [20:37:50][Info]┗ AirShipVariableElectrical             :-
[Info   :     TOH_Y] [20:37:50][Info]┗ DisableAirshipMovingPlatform          :-
[Info   :     TOH_Y] [20:37:50][Info]┗ SabotageTimeControl                   :ON
[Info   :     TOH_Y] [20:37:50][Info]┗ ReactorTimeLimit                      :60秒
[Info   :     TOH_Y] [20:37:50][Info]┗ LightsOutSpecialSettings_Airship      :-
[Info   :     TOH_Y] [20:37:50][Info]MapOption_Fungle                        :-
[Info   :     TOH_Y] [20:37:50][Info]Head.MapCommon                          :マップ設定:マップ共通
[Info   :     TOH_Y] [20:37:50][Info]IgnoreConditions                        :-
[Info   :     TOH_Y] [20:37:50][Info]RandomMapsMode                          :-
[Info   :     TOH_Y] [20:37:50][Info]Head.Sabotage                           :サボタージュ設定:マップ共通
[Info   :     TOH_Y] [20:37:50][Info]ModifySabotageCooldown                  :-
[Info   :     TOH_Y] [20:37:50][Info]BlockDisturbancesToSwitches             :ON
[Info   :     TOH_Y] [20:37:50][Info]CommsCamouflage                         :-
[Info   :     TOH_Y] [20:37:50][Info]Head.Meeting                            :会議設定
[Info   :     TOH_Y] [20:37:50][Info]ShowReportReason                        :ON
[Info   :     TOH_Y] [20:37:50][Info]ShowRoleInfoAtFirstMeeting              :ON
[Info   :     TOH_Y] [20:37:50][Info]SyncButtonMode                          :-
[Info   :     TOH_Y] [20:37:50][Info]VoteMode                                :-
[Info   :     TOH_Y] [20:37:50][Info]AllAliveMeeting                         :-
[Info   :     TOH_Y] [20:37:50][Info]AdditionalEmergencyCooldown             :-
[Info   :     TOH_Y] [20:37:50][Info]Head.Revenge                            :道連れ設定
[Info   :     TOH_Y] [20:37:50][Info]ShowRevengeTarget                       :ON
[Info   :     TOH_Y] [20:37:50][Info]RevengeImpostorByImpostor               :-
[Info   :     TOH_Y] [20:37:50][Info]RevengeMadByImpostor                    :-
[Info   :     TOH_Y] [20:37:50][Info]RevengeNeutral                          :-
[Info   :     TOH_Y] [20:37:50][Info]Head.Task                               :タスク設定
[Info   :     TOH_Y] [20:37:50][Info]DisableTasks                            :-
[Info   :     TOH_Y] [20:37:50][Info]DisableTaskWin                          :-
[Info   :     TOH_Y] [20:37:50][Info]HostGhostIgnoreTasks                    :-
[Info   :     TOH_Y] [20:37:50][Info]GhostIgnoreTasks                        :-
[Info   :     TOH_Y] [20:37:50][Info]Head.Ghost                              :幽霊設定
[Info   :     TOH_Y] [20:37:50][Info]GhostCantSeeOtherRoles                  :-
[Info   :     TOH_Y] [20:37:50][Info]GhostCantSeeOtherTasks                  :-
[Info   :     TOH_Y] [20:37:50][Info]GhostCantSeeOtherVotes                  :-
[Info   :     TOH_Y] [20:37:50][Info]GhostCanSeeOtherTeams                   :ON
[Info   :     TOH_Y] [20:37:50][Info]GhostCanSeeDeathReason                  :ON
[Info   :     TOH_Y] [20:37:50][Info]Head.Other                              :その他設定
[Info   :     TOH_Y] [20:37:50][Info]KillFlashDuration                       :0.3秒
[Info   :     TOH_Y] [20:37:50][Info]DisplayComingOutEnable                  :オフ
[Info   :     TOH_Y] [20:37:50][Info]DisplayTeamMark                         :ON
[Info   :     TOH_Y] [20:37:50][Info]FixFirstKillCooldown                    :-
[Info   :     TOH_Y] [20:37:50][Info]LadderDeath                             :-
[Info   :     TOH_Y] [20:37:50][Info]SkinControle                            :-
[Info   :     TOH_Y] [20:37:50][Info]Head.GameMode                           :ゲームモード設定
[Info   :     TOH_Y] [20:37:50][Info]SyncColorMode                           :なし
[Info   :     TOH_Y] [20:37:50][Info]StandardHAS                             :-
[Info   :     TOH_Y] [20:37:50][Info]Head.System                             :システム設定
[Info   :     TOH_Y] [20:37:50][Info]NoGameEnd                               :-
[Info   :     TOH_Y] [20:37:50][Info]AutoDisplayLastResult                   :ON
[Info   :     TOH_Y] [20:37:50][Info]AutoDisplayKillLog                      :ON
[Info   :     TOH_Y] [20:37:50][Info]SuffixMode                              :なし
[Info   :     TOH_Y] [20:37:50][Info]NameChangeMode                          :なし
[Info   :     TOH_Y] [20:37:50][Info]ChangeNameToRoleInfo                    :-
[Info   :     TOH_Y] [20:37:50][Info]AddonShowMode                           :デフォルト
[Info   :     TOH_Y] [20:37:50][Info]ChangeIntro                             :-
[Info   :     TOH_Y] [20:37:50][Info]Head.Participation                      :参加設定
[Info   :     TOH_Y] [20:37:50][Info]ApplyDenyNameList                       :-
[Info   :     TOH_Y] [20:37:50][Info]KickPlayerFriendCodeNotExist            :-
[Info   :     TOH_Y] [20:37:50][Info]ApplyBanList                            :-
[Info   :     TOH_Y] [20:37:50][Info]AntiCheat                               :-
[Info   :     TOH_Y] [20:37:50][Info]EnableDebugMode                         :オフ
[Info   :     TOH_Y] [20:37:50][Info]-------------その他-------------
[Info   :     TOH_Y] [20:37:50][Info]プレイヤー数: 4人
[Info   :     TOH_Y] [20:37:50][TaskState.Init]たばすこ: InitTask
[Info   :     TOH_Y] [20:37:50][TaskState.Init]たばすこ: TaskCounts = 0/18
[Info   :     TOH_Y] [20:37:50][TaskState.Init]シェマ ー: InitTask
[Info   :     TOH_Y] [20:37:50][TaskState.Init]シェマー: InitTask
[Info   :     TOH_Y] [20:37:50][TaskState.Init]シェマー: TaskCounts = 0/18
[Info   :     TOH_Y] [20:37:50][TaskState.Init]シェマー 1: InitTask
[Info   :     TOH_Y] [20:37:50][TaskState.Init]シェマー 1: TaskCounts = 0/18
[Info   :     TOH_Y] [20:37:50][Debug]StartRpcImmediatelyPatch Prefix called
[Info   :     TOH_Y] [20:37:50][Debug]StartRpcImmediatelyPatch Prefix called
[Info   :     TOH_Y] [20:37:50][Debug]StartRpcImmediatelyPatch Prefix called
[Info   :     TOH_Y] [20:37:50][Debug]StartRpcImmediatelyPatch Prefix called
[Info   :     TOH_Y] [20:37:50][Debug]StartRpcImmediatelyPatch Prefix called
[Info   :     TOH_Y] [20:37:50][Debug]StartRpcImmediatelyPatch Prefix called
[Info   :     TOH_Y] [20:37:50][Debug]StartRpcImmediatelyPatch Prefix called
[Info   :     TOH_Y] [20:37:50][CoBeginPatch]CoBegin completed: GameStates.InGame set to true
[Info   :     TOH_Y] [20:37:54][StartFadeIntro]ループを終了します
[Info   :     TOH_Y] [20:37:57][IntroCutscene]IntroCutscene.OnDestroy: introDestroyed set to true
[Info   :     TOH_Y] [20:37:57][IntroCutscene]Host-specific OnDestroy actions starting
[Info   :     TOH_Y] [20:37:57][IntroCutscene]Resetting ability cooldowns for all players (if available)
[Info   :     TOH_Y] [20:37:57][RpcResetAbilityCooldown]アビリティクールダウンのリセット:たばすこ(0)
[Info   :     TOH_Y] [20:37:57][RpcResetAbilityCooldown]アビリティクールダウンのリセット:シェマ ー(1)
[Info   :     TOH_Y] [20:37:57][Debug]StartRpcImmediatelyPatch Prefix called
[Info   :     TOH_Y] [20:37:57][RpcResetAbilityCooldown]アビリティクールダウンのリセット:シェマー(2)
[Info   :     TOH_Y] [20:37:57][Debug]StartRpcImmediatelyPatch Prefix called
[Info   :     TOH_Y] [20:37:57][RpcResetAbilityCooldown]アビリティクールダウンのリセット:シェマー 1(3)
[Info   :     TOH_Y] [20:37:57][Debug]StartRpcImmediatelyPatch Prefix called
[Info   :     TOH_Y] [20:37:57][IntroCutscene]IntroCutscene.OnDestroy completed
[Info   :     TOH_Y] [20:38:07][GetKeysDown]KeyDown:Return in [Return,M,RightShift]
[Info   :     TOH_Y] [20:38:07][ReportDeadBody]たばすこ(チェインシフター) => たばすこ(チェインシフター)
[Info   :     TOH_Y] [20:38:07][UpdateSystem]SystemType: Laboratory, PlayerName: たばすこ(チェインシフター), amount: 16
[Info   :     TOH_Y] [20:38:07][UpdateSystem]SystemType: Reactor, PlayerName: たばすこ(チェインシフター), amount: 16
[Info   :     TOH_Y] [20:38:07][UpdateSystem]SystemType: LifeSupp, PlayerName: たばすこ(チェインシフター), amount: 16
[Info   :     TOH_Y] [20:38:07][Debug]StartRpcImmediatelyPatch Prefix called
[Info   :     TOH_Y] [20:38:07][RemoveProtection]たばすこ(チェインシフター)
[Info   :     TOH_Y] [20:38:07][RemoveProtection]シェマ ー(イビルゲッサー)
[Info   :     TOH_Y] [20:38:07][RemoveProtection]シェマー(神)
[Info   :     TOH_Y] [20:38:07][RemoveProtection]シェマー 1(ナイスゲッサー)
[Info   :     TOH_Y] [20:38:07][Debug]StartRpcImmediatelyPatch Prefix called
[Info   :     TOH_Y] [20:38:07][Phase]------------会議開始------------
[Info   :     TOH_Y] [20:38:07][SendMessage][MessagesToSend.Add] sendTo: 1
[Info   :     TOH_Y] [20:38:07][SendMessage][MessagesToSend.Add] sendTo: 3
[Info   :     TOH_Y] [20:38:07][SendMessage][MessagesToSend.Add] sendTo: 255
[Info   :     TOH_Y] [20:38:07][LateTask]"SetName To Chat" is created
[Info   :     TOH_Y] [20:38:07][SendMessage][MessagesToSend.Add] sendTo: 0
[Info   :     TOH_Y] [20:38:07][SendMessage][MessagesToSend.Add] sendTo: 1
[Info   :     TOH_Y] [20:38:07][SendMessage][MessagesToSend.Add] sendTo: 2
[Info   :     TOH_Y] [20:38:07][SendMessage][MessagesToSend.Add] sendTo: 3
[Info   :     TOH_Y] [20:38:10][Debug]StartRpcImmediatelyPatch Prefix called
[Info   :     TOH_Y] [20:38:10][Debug]StartRpcImmediatelyPatch Prefix called
[Info   :     TOH_Y] [20:38:10][Debug]StartRpcImmediatelyPatch Prefix called
[Info   :     TOH_Y] [20:38:10][Debug]StartRpcImmediatelyPatch Prefix called
[Info   :     TOH_Y] [20:38:10][Debug]StartRpcImmediatelyPatch Prefix called
[Info   :     TOH_Y] [20:38:10][Debug]StartRpcImmediatelyPatch Prefix called
[Info   :     TOH_Y] [20:38:10][Debug]StartRpcImmediatelyPatch Prefix called
[Info   :     TOH_Y] [20:38:10][LateTask]"SetName To Chat" is finished
[Info   :     TOH_Y] [20:38:11][SetName]名前変更:たばすこ(チェインシフター) => 【あなたの役職説明】
[Info   :     TOH_Y] [20:38:11][SendChat]【あなたの役職説明】(チェインシフター):チェインシフター[ニュートラル]\nチェインシフターでゲームを終了すると負けになる役職。\nチェインシフターは他のクルーの近くにしばらくいることで相手に移すことができる。\nチェインシフターを移した後に変化した役職で勝利できる。\nシフトする時間 ：5秒\nシフトする距離 ：1.5x\nシフト無効時間 ：10秒\nシフト後に変化する役職 ：オポチュニスト\nキルで強制シフトする ：オン\n
[Info   :     TOH_Y] [20:38:11][SetName]名前変更:【あなたの役職説明】(チェインシフター) => たばすこ
[Info   :     TOH_Y] [20:38:33][SendChat]ゲッサー使えるかが気になる
[Error  :Il2CppInterop] During invoking native->managed trampoline
Exception: System.NullReferenceException: Object reference not set to an instance of an object.
   at TownOfHostY.RpcSendChatPatch.Prefix(PlayerControl __instance, String chatText, Boolean& __result)
   at DMD<PlayerControl::RpcSendChat>(PlayerControl this, String chatText)
   at (il2cpp -> managed) RpcSendChat(IntPtr , IntPtr , Il2CppMethodInfo* )
[Info   :     TOH_Y] [20:40:20][Guesser.CheckVoteAsVoter]GuesserSelectStart guesser: シェマ ー
[Error  :Il2CppInterop] During invoking native->managed trampoline
Exception: System.NullReferenceException: Object reference not set to an instance of an object.
   at TownOfHostY.Roles.Core.Class.VoteGuesser.CheckVoteAsVoter(PlayerControl votedFor)
   at TownOfHostY.MeetingHudPatch.CastVotePatch.Prefix(MeetingHud __instance, Byte srcPlayerId, Byte suspectPlayerId)
   at DMD<MeetingHud::CastVote>(MeetingHud this, Byte srcPlayerId, Byte suspectPlayerId)
   at (il2cpp -> managed) CastVote(IntPtr , Byte , Byte , Il2CppMethodInfo* )
[Info   :     TOH_Y] [20:40:45][Guesser.CheckVoteAsVoter]GuesserSelectStart guesser: シェマー 1
[Error  :Il2CppInterop] During invoking native->managed trampoline
Exception: System.NullReferenceException: Object reference not set to an instance of an object.
   at TownOfHostY.Roles.Core.Class.VoteGuesser.CheckVoteAsVoter(PlayerControl votedFor)
   at TownOfHostY.MeetingHudPatch.CastVotePatch.Prefix(MeetingHud __instance, Byte srcPlayerId, Byte suspectPlayerId)
   at DMD<MeetingHud::CastVote>(MeetingHud this, Byte srcPlayerId, Byte suspectPlayerId)
   at (il2cpp -> managed) CastVote(IntPtr , Byte , Byte , Il2CppMethodInfo* )
[Info   :     TOH_Y] [20:41:43][GetKeysDown]KeyDown:Return in [Return,M,LeftShift]
[Info   :     TOH_Y] [20:41:44][Phase]------------会議終了------------
[Info   :     TOH_Y] [20:41:44][AntiBlackout]RecognizeType たばすこ, Crew, ChainShifter(Crew)
[Info   :     TOH_Y] [20:41:44][AntiBlackout]RecognizeType シェマ ー, Impostor, EvilGuesser(Impostor)
[Info   :     TOH_Y] [20:41:44][AntiBlackout]RecognizeType シェマー, Crew, God(Crew)
[Info   :     TOH_Y] [20:41:44][AntiBlackout]RecognizeType シェマー 1, Crew, NiceGuesser(Crew)
[Info   :     TOH_Y] [20:41:44][AntiBlackout]CheckRoleCount type: Impostor, count: 1, exiled: -1
[Info   :     TOH_Y] [20:41:44][AntiBlackout]SetIsDead is called from Postfix
[Info   :     TOH_Y] [20:41:44][AntiBlackout]SendGameData is called from SetIsDead
[Info   :     TOH_Y] [20:41:51][SetHudActive]SetHudActive: isActive=True, LocalPlayer.CanMove=False, moveable=True, inputHandler.enabled=False
[Info   :     TOH_Y] [20:41:51][SetHudActive]Player 0:たばすこ IsAlive=True CanMove=False moveable=True
[Info   :     TOH_Y] [20:41:51][SetHudActive]Player 1:シェマ ー IsAlive=True CanMove=False moveable=True
[Info   :     TOH_Y] [20:41:51][SetHudActive]Player 2:シェマー IsAlive=True CanMove=False moveable=True
[Info   :     TOH_Y] [20:41:51][SetHudActive]Player 3:シェマー 1 IsAlive=True CanMove=False moveable=True
[Info   :     TOH_Y] [20:41:51][AntiBlackout]RestoreIsDead is called from WrapUpPostfix
[Info   :     TOH_Y] [20:41:51][CountAlivePlayers]Crew:3/3, Impostor:1/1, All:4/4
[Error  :     TOH_Y] [20:41:51][GameOptionsSender]オプションのキャストに失敗しました (unknown concrete type)
[Error  :     TOH_Y] [20:41:51][GameOptionsSender]オプションのキャストに失敗しました (unknown concrete type)
[Error  :     TOH_Y] [20:41:51][GameOptionsSender]オプションのキャストに失敗しました (unknown concrete type)
[Info   :     TOH_Y] [20:41:51][Debug]StartRpcImmediatelyPatch Prefix called
[Info   :     TOH_Y] [20:41:51][Debug]StartRpcImmediatelyPatch Prefix called
[Info   :     TOH_Y] [20:41:51][Debug]StartRpcImmediatelyPatch Prefix called
[Info   :     TOH_Y] [20:41:51][Debug]StartRpcImmediatelyPatch Prefix called
[Info   :     TOH_Y] [20:41:51][Debug]StartRpcImmediatelyPatch Prefix called
[Info   :     TOH_Y] [20:41:51][Debug]StartRpcImmediatelyPatch Prefix called
[Info   :     TOH_Y] [20:41:51][Debug]StartRpcImmediatelyPatch Prefix called
[Info   :     TOH_Y] [20:41:51][LateTask]"Restore IsDead Task" is created
[Info   :     TOH_Y] [20:41:51][LateTask]"AfterMeetingDeathPlayers Task" is created
[Info   :     TOH_Y] [20:41:51][Phase]タスクフェイズ開始
[Info   :     TOH_Y] [20:41:52][GetKeysDown]KeyDown:Return in [Return,M,RightShift]
[Info   :     TOH_Y] [20:41:52][ReportDeadBody]たばすこ(チェインシフター) => たばすこ(チェインシフター)
[Info   :     TOH_Y] [20:41:52][UpdateSystem]SystemType: Laboratory, PlayerName: たばすこ(チェインシフター), amount: 16
[Info   :     TOH_Y] [20:41:52][UpdateSystem]SystemType: Reactor, PlayerName: たばすこ(チェインシフター), amount: 16
[Info   :     TOH_Y] [20:41:52][UpdateSystem]SystemType: LifeSupp, PlayerName: たばすこ(チェインシフター), amount: 16
[Info   :     TOH_Y] [20:41:52][Debug]StartRpcImmediatelyPatch Prefix called
[Info   :     TOH_Y] [20:41:52][RemoveProtection]たばすこ(チェインシフター)
[Info   :     TOH_Y] [20:41:52][RemoveProtection]シェマ ー(イビルゲッサー)
[Info   :     TOH_Y] [20:41:52][RemoveProtection]シェマー(神)
[Info   :     TOH_Y] [20:41:52][RemoveProtection]シェマー 1(ナイスゲッサー)
[Info   :     TOH_Y] [20:41:52][Debug]StartRpcImmediatelyPatch Prefix called
[Info   :     TOH_Y] [20:41:52][Phase]------------会議開始------------
[Info   :     TOH_Y] [20:41:52][SendMessage][MessagesToSend.Add] sendTo: 1
[Info   :     TOH_Y] [20:41:52][SendMessage][MessagesToSend.Add] sendTo: 3
[Info   :     TOH_Y] [20:41:52][SendMessage][MessagesToSend.Add] sendTo: 255
[Info   :     TOH_Y] [20:41:52][LateTask]"SetName To Chat" is created
[Info   :     TOH_Y] [20:41:52][AntiBlackout]SendGameData is called from WrapUpFinalizer
[Info   :     TOH_Y] [20:41:52][LateTask]"Restore IsDead Task" is finished
[Info   :     TOH_Y] [20:41:52][LateTask]"AfterMeetingDeathPlayers Task" is finished
[Info   :     TOH_Y] [20:41:55][Debug]StartRpcImmediatelyPatch Prefix called
[Info   :     TOH_Y] [20:41:55][Debug]StartRpcImmediatelyPatch Prefix called
[Info   :     TOH_Y] [20:41:55][Debug]StartRpcImmediatelyPatch Prefix called
[Info   :     TOH_Y] [20:41:55][Debug]StartRpcImmediatelyPatch Prefix called
[Info   :     TOH_Y] [20:41:55][Debug]StartRpcImmediatelyPatch Prefix called
[Info   :     TOH_Y] [20:41:55][Debug]StartRpcImmediatelyPatch Prefix called
[Info   :     TOH_Y] [20:41:55][Debug]StartRpcImmediatelyPatch Prefix called
[Info   :     TOH_Y] [20:41:55][LateTask]"SetName To Chat" is finished
[Info   :     TOH_Y] [20:42:00][Debug]StartRpcImmediatelyPatch Prefix called
[Info   :     TOH_Y] [20:42:00][Session]シェマー(ClientID:12996)が切断(理由:Error, ping:27)
[Info   :     TOH_Y] [20:42:01][Guesser.CheckVoteAsVoter]GuesserSelectStart guesser: シェマー 1
[Error  :Il2CppInterop] During invoking native->managed trampoline
Exception: System.NullReferenceException: Object reference not set to an instance of an object.
   at TownOfHostY.Roles.Core.Class.VoteGuesser.CheckVoteAsVoter(PlayerControl votedFor)
   at TownOfHostY.MeetingHudPatch.CastVotePatch.Prefix(MeetingHud __instance, Byte srcPlayerId, Byte suspectPlayerId)
   at DMD<MeetingHud::CastVote>(MeetingHud this, Byte srcPlayerId, Byte suspectPlayerId)
   at (il2cpp -> managed) CastVote(IntPtr , Byte , Byte , Il2CppMethodInfo* )
[Info   :     TOH_Y] [20:42:26][Guesser.CheckVoteAsVoter]GuesserSelectStart guesser: シェマ ー
[Error  :Il2CppInterop] During invoking native->managed trampoline
Exception: System.NullReferenceException: Object reference not set to an instance of an object.
   at TownOfHostY.Roles.Core.Class.VoteGuesser.CheckVoteAsVoter(PlayerControl votedFor)
   at TownOfHostY.MeetingHudPatch.CastVotePatch.Prefix(MeetingHud __instance, Byte srcPlayerId, Byte suspectPlayerId)
   at DMD<MeetingHud::CastVote>(MeetingHud this, Byte srcPlayerId, Byte suspectPlayerId)
   at (il2cpp -> managed) CastVote(IntPtr , Byte , Byte , Il2CppMethodInfo* )
[Info   :     TOH_Y] [20:43:32][GetKeysDown]KeyDown:Return in [Return,M,LeftShift]
[Info   :     TOH_Y] [20:43:33][Phase]------------会議終了------------
[Info   :     TOH_Y] [20:43:33][AntiBlackout]RecognizeType たばすこ, Crew, ChainShifter(Crew)
[Info   :     TOH_Y] [20:43:33][AntiBlackout]RecognizeType シェマ ー, Impostor, EvilGuesser(Impostor)
[Info   :     TOH_Y] [20:43:33][AntiBlackout]RecognizeType シェマー 1, Crew, NiceGuesser(Crew)
[Info   :     TOH_Y] [20:43:33][AntiBlackout]CheckRoleCount type: Impostor, count: 1, exiled: -1
[Info   :     TOH_Y] [20:43:33][AntiBlackout]SetIsDead is called from Postfix
[Info   :     TOH_Y] [20:43:33][AntiBlackout]SendGameData is called from SetIsDead
[Info   :     TOH_Y] [20:43:41][SetHudActive]SetHudActive: isActive=True, LocalPlayer.CanMove=False, moveable=True, inputHandler.enabled=False
[Info   :     TOH_Y] [20:43:41][SetHudActive]Player 0:たばすこ IsAlive=True CanMove=False moveable=True
[Info   :     TOH_Y] [20:43:41][SetHudActive]Player 1:シェマ ー IsAlive=True CanMove=False moveable=True
[Info   :     TOH_Y] [20:43:41][SetHudActive]Player 3:シェマー 1 IsAlive=True CanMove=False moveable=True
[Info   :     TOH_Y] [20:43:41][AntiBlackout]RestoreIsDead is called from WrapUpPostfix
[Info   :     TOH_Y] [20:43:41][CountAlivePlayers]Crew:2/3, Impostor:1/1, All:3/4
[Error  :     TOH_Y] [20:43:41][GameOptionsSender]オプションのキャストに失敗しました (unknown concrete type)
[Error  :     TOH_Y] [20:43:41][GameOptionsSender]オプションのキャストに失敗しました (unknown concrete type)
[Info   :     TOH_Y] [20:43:41][Debug]StartRpcImmediatelyPatch Prefix called
[Info   :     TOH_Y] [20:43:41][Debug]StartRpcImmediatelyPatch Prefix called
[Info   :     TOH_Y] [20:43:41][Debug]StartRpcImmediatelyPatch Prefix called
[Info   :     TOH_Y] [20:43:41][LateTask]"Restore IsDead Task" is created
[Info   :     TOH_Y] [20:43:41][LateTask]"AfterMeetingDeathPlayers Task" is created
[Info   :     TOH_Y] [20:43:41][Phase]タスクフェイズ開始
[Info   :     TOH_Y] [20:43:41][AntiBlackout]SendGameData is called from WrapUpFinalizer
[Info   :     TOH_Y] [20:43:41][LateTask]"Restore IsDead Task" is finished
[Info   :     TOH_Y] [20:43:41][LateTask]"AfterMeetingDeathPlayers Task" is finished
[Info   :     TOH_Y] [20:43:51][SetHudActive]SetHudActive: isActive=True, LocalPlayer.CanMove=True, moveable=True, inputHandler.enabled=False
[Info   :     TOH_Y] [20:43:51][SetHudActive]Player 0:たばすこ IsAlive=True CanMove=True moveable=True
[Info   :     TOH_Y] [20:43:51][SetHudActive]Player 1:シェマ ー IsAlive=True CanMove=True moveable=True
[Info   :     TOH_Y] [20:43:51][SetHudActive]Player 3:シェマー 1 IsAlive=True CanMove=True moveable=True
[Info   :     TOH_Y] [20:43:53][SetHudActive]SetHudActive: isActive=True, LocalPlayer.CanMove=False, moveable=True, inputHandler.enabled=False
[Info   :     TOH_Y] [20:43:53][SetHudActive]Player 0:たばすこ IsAlive=True CanMove=False moveable=True
[Info   :     TOH_Y] [20:43:53][SetHudActive]Player 1:シェマ ー IsAlive=True CanMove=False moveable=True
[Info   :     TOH_Y] [20:43:53][SetHudActive]Player 3:シェマー 1 IsAlive=True CanMove=False moveable=True
[Info   :     TOH_Y] [20:44:02][ChainShifterAdd.SetShiftTarget]setChainTarget たばすこ => シェマー 1, bykill: False
[Info   :     TOH_Y] [20:44:02][MurderPlayer]たばすこ(チェインシフター) => たばすこ(チェインシフター)(FailedProtected)
[Info   :     TOH_Y] [20:44:02][MurderPlayer]守護されているため，キルはホストによってキャンセルされました
[Info   :     TOH_Y] [20:44:02][RemoveProtection]たばすこ(チェインシフター)
[Info   :     TOH_Y] [20:44:02][ChainShifterAdd.SetShiftTarget]RpcProtectedMurderPlayer
[Info   :     TOH_Y] [20:44:05][GetKeysDown]KeyDown:Return in [Return,M,RightShift]
[Info   :     TOH_Y] [20:44:05][ReportDeadBody]たばすこ(チェインシフター) => たばすこ(チェインシフター)
[Info   :     TOH_Y] [20:44:05][UpdateSystem]SystemType: Laboratory, PlayerName: たばすこ(チェインシフター), amount: 16
[Info   :     TOH_Y] [20:44:05][UpdateSystem]SystemType: Reactor, PlayerName: たばすこ(チェインシフター), amount: 16
[Info   :     TOH_Y] [20:44:05][UpdateSystem]SystemType: LifeSupp, PlayerName: たばすこ(チェインシフター), amount: 16
[Info   :     TOH_Y] [20:44:05][Debug]StartRpcImmediatelyPatch Prefix called
[Info   :     TOH_Y] [20:44:05][RemoveProtection]たばすこ(チェインシフター)
[Info   :     TOH_Y] [20:44:05][RemoveProtection]シェマ ー(イビルゲッサー)
[Info   :     TOH_Y] [20:44:05][RemoveProtection]シェマー 1(ナイスゲッサー)
[Info   :     TOH_Y] [20:44:05][Debug]StartRpcImmediatelyPatch Prefix called
[Info   :     TOH_Y] [20:44:05][Phase]------------会議開始------------
[Info   :     TOH_Y] [20:44:05][SendMessage][MessagesToSend.Add] sendTo: 1
[Info   :     TOH_Y] [20:44:05][SendMessage][MessagesToSend.Add] sendTo: 3
[Info   :     TOH_Y] [20:44:05][SendMessage][MessagesToSend.Add] sendTo: 255
[Info   :     TOH_Y] [20:44:05][LateTask]"SetName To Chat" is created
[Info   :     TOH_Y] [20:44:08][Debug]StartRpcImmediatelyPatch Prefix called
[Info   :     TOH_Y] [20:44:08][Debug]StartRpcImmediatelyPatch Prefix called
[Info   :     TOH_Y] [20:44:08][Debug]StartRpcImmediatelyPatch Prefix called
[Info   :     TOH_Y] [20:44:08][LateTask]"SetName To Chat" is finished
[Info   :     TOH_Y] [20:44:21][GetKeysDown]KeyDown:Return in [Return,M,LeftShift]
[Info   :     TOH_Y] [20:44:22][Phase]------------会議終了------------
[Info   :     TOH_Y] [20:44:22][AntiBlackout]RecognizeType たばすこ, Crew, ChainShifter(Crew)
[Info   :     TOH_Y] [20:44:22][AntiBlackout]RecognizeType シェマ ー, Impostor, EvilGuesser(Impostor)
[Info   :     TOH_Y] [20:44:22][AntiBlackout]RecognizeType シェマー 1, Crew, NiceGuesser(Crew)
[Info   :     TOH_Y] [20:44:22][AntiBlackout]CheckRoleCount type: Impostor, count: 1, exiled: -1
[Info   :     TOH_Y] [20:44:22][AntiBlackout]SetIsDead is called from Postfix
[Info   :     TOH_Y] [20:44:22][AntiBlackout]SendGameData is called from SetIsDead
[Info   :     TOH_Y] [20:44:34][SetHudActive]SetHudActive: isActive=True, LocalPlayer.CanMove=False, moveable=True, inputHandler.enabled=False
[Info   :     TOH_Y] [20:44:34][SetHudActive]Player 0:たばすこ IsAlive=True CanMove=False moveable=True
[Info   :     TOH_Y] [20:44:34][SetHudActive]Player 1:シェマ ー IsAlive=True CanMove=False moveable=True
[Info   :     TOH_Y] [20:44:34][SetHudActive]Player 3:シェマー 1 IsAlive=True CanMove=False moveable=True
[Info   :     TOH_Y] [20:44:34][AntiBlackout]RestoreIsDead is called from WrapUpPostfix
[Info   :     TOH_Y] [20:44:34][CountAlivePlayers]Crew:2/3, Impostor:1/1, All:3/4
[Info   :     TOH_Y] [20:44:34][ChainShifterAdd.ChainShift]target player: たばすこ, next: シェマー 1(alive: True), nextByKill: (alive: )
[Info   :     TOH_Y] [20:44:34][ChainShifterAdd.ChainShift]targetFix target: シェマー 1
[Info   :     TOH_Y] [20:44:34][ChainShifter.Add]Add playerId: 3
[Info   :     TOH_Y] [20:44:34][ChainShifterAdd.ChainShift]shift たばすこ => シェマー 1
[Info   :     TOH_Y] [20:44:34][Debug]StartRpcImmediatelyPatch Prefix called
[Info   :     TOH_Y] [20:44:34][ChainShifterAdd.ChainShift]roleChange たばすこ => Opportunist
[Info   :     TOH_Y] [20:44:34][ChainShifterAdd.ChainShift]preShifter player: 0
[Error  :     TOH_Y] [20:44:34][GameOptionsSender]オプションのキャストに失敗しました (unknown concrete type)
[Info   :     TOH_Y] [20:44:34][Debug]StartRpcImmediatelyPatch Prefix called
[Info   :     TOH_Y] [20:44:34][Debug]StartRpcImmediatelyPatch Prefix called
[Info   :     TOH_Y] [20:44:34][Debug]StartRpcImmediatelyPatch Prefix called
[Error  :     TOH_Y] [20:44:34][GameOptionsSender]オプションのキャストに失敗しました (unknown concrete type)
[Error  :     TOH_Y] [20:44:34][GameOptionsSender]オプションのキャストに失敗しました (unknown concrete type)
[Info   :     TOH_Y] [20:44:34][Debug]StartRpcImmediatelyPatch Prefix called
[Info   :     TOH_Y] [20:44:34][LateTask]"Restore IsDead Task" is created
[Info   :     TOH_Y] [20:44:34][LateTask]"AfterMeetingDeathPlayers Task" is created
[Info   :     TOH_Y] [20:44:34][Phase]タスクフェイズ開始
[Info   :     TOH_Y] [20:44:34][CheckGameEndByTask]GemeEndByTask task: 0/0
[Info   :     TOH_Y] [20:44:34][GameEndChecker]GameEnd winner: Crewmate, reason: CrewmatesByTask
[Info   :     TOH_Y] [20:44:34][ResetRoleAndEndGame]たばすこ(オポチュニスト): CrewmateGhostに変更
[Info   :     TOH_Y] [20:44:34][PlayerControl.RpcSetRole]たばすこ(オポチュニスト) =>CrewmateGhost
[Info   :     TOH_Y] [20:44:34][SetHudActive]SetHudActive: isActive=True, LocalPlayer.CanMove=True, moveable=True, inputHandler.enabled=False
[Info   :     TOH_Y] [20:44:34][SetHudActive]Player 0:たばすこ IsAlive=True CanMove=True moveable=True
[Info   :     TOH_Y] [20:44:34][SetHudActive]Player 1:シェマ ー IsAlive=True CanMove=True moveable=True
[Info   :     TOH_Y] [20:44:34][SetHudActive]Player 3:シェマー 1 IsAlive=True CanMove=True moveable=True
[Info   :     TOH_Y] [20:44:34][ResetRoleAndEndGame]シェマ ー(イビルゲッサー): ImpostorGhostに変更
[Info   :     TOH_Y] [20:44:34][PlayerControl.RpcSetRole]シェマ ー(イビルゲッサー) =>ImpostorGhost
[Info   :     TOH_Y] [20:44:34][ResetRoleAndEndGame]シェマー 1(ナイスゲッサー): ImpostorGhostに変更
[Info   :     TOH_Y] [20:44:34][PlayerControl.RpcSetRole]シェマー 1(ナイスゲッサー) =>ImpostorGhost
[Info   :     TOH_Y] [20:44:34][Debug]StartRpcImmediatelyPatch Prefix called
[Info   :     TOH_Y] [20:44:35][AntiBlackout]SendGameData is called from WrapUpFinalizer
[Info   :     TOH_Y] [20:44:35][LateTask]"Restore IsDead Task" is finished
[Info   :     TOH_Y] [20:44:35][LateTask]"AfterMeetingDeathPlayers Task" is finished
[Info   :     TOH_Y] [20:44:35][Phase]-----------ゲーム終了-----------
[Info   :     TOH_Y] [20:44:35][CustomRoleManager]Dispose ActiveRoles
[Info   :     TOH_Y] [20:44:35][EndGame]■■■■ゲーム結果■■■■
[Info   :     TOH_Y] [20:44:35][EndGame]★ たばすこ生存チェインシフター⇒オポチュニスト
[Info   :     TOH_Y] [20:44:35][EndGame]　 シェマ ー(15)生存イビルゲッサー
[Info   :     TOH_Y] [20:44:35][EndGame]　 シェマー(0/18)回線切断神
[Info   :     TOH_Y] [20:44:35][EndGame]　 シェマー 1(0/18)(3)生存チェインシフターナイスゲッサー
[Info   :     TOH_Y] [20:44:39][OnGameJoined]-1882843494に参加
[Info   :     TOH_Y] [20:44:39][LateTask]"KillFlashAfterDeadByHost" is created
[Info   :     TOH_Y] [20:44:40][LateTask]"Welcome Message" is created
[Info   :     TOH_Y] [20:44:40][LateTask]"DisplayLastRoles" is created
[Info   :     TOH_Y] [20:44:40][LateTask]"DisplayKillLog" is created
[Info   :     TOH_Y] [20:44:40][LateTask]"Welcome Message" is created
[Info   :     TOH_Y] [20:44:40][LateTask]"DisplayLastRoles" is created
[Info   :     TOH_Y] [20:44:40][LateTask]"DisplayKillLog" is created
[Info   :     TOH_Y] [20:44:40][Debug]StartRpcImmediatelyPatch Prefix called
[Info   :     TOH_Y] [20:44:40][Session]シェマー(ClientID:13001(HashedPUID:e3b0c44298fc1c149afbf4c8996fb92427ae41e4649b934ca495991b7852b855))が参加
[Info   :     TOH_Y] [20:44:40][Debug]StartRpcImmediatelyPatch Prefix called
